TN:
SF:dist/src/domain/entrepreneur.entity.js
FN:1,Object.<anonymous>
FN:5,Entrepreneur
FN:9,updateName
FN:12,updateSurname
FN:15,updateSex
FN:18,updateEmail
FN:21,updateContact
FN:24,updateCompanyName
FN:27,updateCompanyWebSiteURL
FN:30,get name
FN:33,set name
FN:36,get surname
FN:39,set surname
FN:42,get sex
FN:45,set sex
FN:48,get email
FN:51,set email
FN:54,get contact
FN:57,set contact
FN:60,get companyName
FN:63,set companyName
FN:66,get companyWebSiteURL
FN:69,set companyWebSiteURL
FN:72,toJSON
FNF:24
FNH:16
FNDA:1,Object.<anonymous>
FNDA:9,Entrepreneur
FNDA:1,updateName
FNDA:1,updateSurname
FNDA:1,updateSex
FNDA:1,updateEmail
FNDA:1,updateContact
FNDA:1,updateCompanyName
FNDA:1,updateCompanyWebSiteURL
FNDA:1,get name
FNDA:0,set name
FNDA:1,get surname
FNDA:0,set surname
FNDA:1,get sex
FNDA:0,set sex
FNDA:1,get email
FNDA:0,set email
FNDA:1,get contact
FNDA:0,set contact
FNDA:1,get companyName
FNDA:0,set companyName
FNDA:1,get companyWebSiteURL
FNDA:0,set companyWebSiteURL
FNDA:0,toJSON
DA:1,1
DA:2,1
DA:3,1
DA:4,1
DA:5,1
DA:6,9
DA:7,9
DA:8,9
DA:9,1
DA:10,1
DA:11,1
DA:12,1
DA:13,1
DA:14,1
DA:15,1
DA:16,1
DA:17,1
DA:18,1
DA:19,1
DA:20,1
DA:21,1
DA:22,1
DA:23,1
DA:24,1
DA:25,1
DA:26,1
DA:27,1
DA:28,1
DA:29,1
DA:30,1
DA:31,1
DA:32,1
DA:33,1
DA:34,0
DA:35,0
DA:36,1
DA:37,1
DA:38,1
DA:39,1
DA:40,0
DA:41,0
DA:42,1
DA:43,1
DA:44,1
DA:45,1
DA:46,0
DA:47,0
DA:48,1
DA:49,1
DA:50,1
DA:51,1
DA:52,0
DA:53,0
DA:54,1
DA:55,1
DA:56,1
DA:57,1
DA:58,0
DA:59,0
DA:60,1
DA:61,1
DA:62,1
DA:63,1
DA:64,0
DA:65,0
DA:66,1
DA:67,1
DA:68,1
DA:69,1
DA:70,0
DA:71,0
DA:72,1
DA:73,0
DA:74,0
DA:75,1
DA:76,1
LF:76
LH:60
BRDA:1,0,0,1
BRDA:1,1,0,1
BRDA:5,2,0,9
BRDA:9,3,0,1
BRDA:12,4,0,1
BRDA:15,5,0,1
BRDA:18,6,0,1
BRDA:21,7,0,1
BRDA:24,8,0,1
BRDA:27,9,0,1
BRDA:30,10,0,1
BRDA:36,11,0,1
BRDA:42,12,0,1
BRDA:48,13,0,1
BRDA:54,14,0,1
BRDA:60,15,0,1
BRDA:66,16,0,1
BRF:17
BRH:17
end_of_record
TN:
SF:dist/src/infrastructure/db/entrepreneur-in-memory.repository.js
FN:1,Object.<anonymous>
FN:2,Object.<anonymous>.__awaiter
FN:3,adopt
FN:5,fulfilled
FN:6,rejected
FN:7,step
FN:14,EntrepreneurInMemoryRepository
FN:17,insert
FN:22,findAll
FNF:9
FNH:5
FNDA:1,Object.<anonymous>
FNDA:1,Object.<anonymous>.__awaiter
FNDA:0,adopt
FNDA:0,fulfilled
FNDA:0,rejected
FNDA:1,step
FNDA:1,EntrepreneurInMemoryRepository
FNDA:1,insert
FNDA:0,findAll
DA:1,1
DA:2,1
DA:3,1
DA:4,1
DA:5,1
DA:6,1
DA:7,1
DA:8,1
DA:9,1
DA:10,1
DA:11,1
DA:12,1
DA:13,1
DA:14,1
DA:15,1
DA:16,1
DA:17,1
DA:18,1
DA:19,1
DA:20,1
DA:21,1
DA:22,1
DA:23,0
DA:24,0
DA:25,0
DA:26,0
DA:27,1
DA:28,1
LF:28
LH:24
BRDA:1,0,0,1
BRDA:1,1,0,1
BRDA:2,2,0,1
BRDA:4,3,0,1
BRDA:7,4,0,1
BRDA:7,5,0,0
BRDA:14,6,0,1
BRDA:17,7,0,1
BRDA:18,8,0,1
BRF:9
BRH:8
end_of_record
TN:
SF:src/aplication/usecases/entrepreneur/create/create-entrepreneur.use-case.ts
FN:4,<instance_members_initializer>
FN:5,CreateEntrepreneurUseCase
FN:7,execute
FNF:3
FNH:3
FNDA:1,<instance_members_initializer>
FNDA:1,CreateEntrepreneurUseCase
FNDA:1,execute
DA:1,1
DA:2,1
DA:3,1
DA:4,1
DA:5,1
DA:6,1
DA:7,1
DA:8,1
DA:9,1
DA:10,1
DA:11,1
DA:12,1
DA:13,1
DA:14,1
DA:15,1
DA:16,1
DA:17,1
DA:18,1
DA:19,1
DA:20,1
DA:21,1
DA:22,1
DA:23,1
DA:24,1
DA:25,1
DA:26,1
DA:27,1
DA:28,1
DA:29,1
DA:30,1
DA:31,1
DA:32,1
DA:33,1
DA:34,1
LF:34
LH:34
BRDA:4,0,0,1
BRDA:5,1,0,1
BRDA:7,2,0,1
BRF:3
BRH:3
end_of_record
TN:
SF:src/aplication/usecases/entrepreneur/getAll/getAll-entrepreneur.use-case.ts
FN:3,<instance_members_initializer>
FN:4,GetAllEntrepreneurUseCase
FN:5,execute
FNF:3
FNH:3
FNDA:1,<instance_members_initializer>
FNDA:1,GetAllEntrepreneurUseCase
FNDA:1,execute
DA:1,1
DA:2,1
DA:3,1
DA:4,1
DA:5,1
DA:6,1
DA:7,1
DA:8,1
DA:9,1
DA:10,1
DA:11,1
DA:12,1
DA:13,1
DA:14,1
DA:15,1
DA:16,1
DA:17,1
DA:18,1
DA:19,1
LF:19
LH:19
BRDA:3,0,0,1
BRDA:4,1,0,1
BRDA:5,2,0,1
BRF:3
BRH:3
end_of_record
TN:
SF:src/domain/entities/entrepreneur/entrepreneur.entity.ts
FN:11,<instance_members_initializer>
FN:15,Entrepreneur
FN:22,updateName
FN:25,updateSurname
FN:28,updateSex
FN:31,updateEmail
FN:34,updateContact
FN:37,updateCompanyName
FN:40,updateCompanyWebSiteURL
FN:44,get name
FN:47,set name
FN:51,get surname
FN:54,set surname
FN:58,get sex
FN:61,set sex
FN:65,get email
FN:68,set email
FN:72,get contact
FN:75,set contact
FN:79,get companyName
FN:82,set companyName
FN:86,get companyWebSiteURL
FN:89,set companyWebSiteURL
FN:93,toJSON
FNF:24
FNH:17
FNDA:9,<instance_members_initializer>
FNDA:9,Entrepreneur
FNDA:1,updateName
FNDA:1,updateSurname
FNDA:1,updateSex
FNDA:1,updateEmail
FNDA:1,updateContact
FNDA:1,updateCompanyName
FNDA:1,updateCompanyWebSiteURL
FNDA:1,get name
FNDA:0,set name
FNDA:1,get surname
FNDA:0,set surname
FNDA:1,get sex
FNDA:0,set sex
FNDA:1,get email
FNDA:0,set email
FNDA:1,get contact
FNDA:0,set contact
FNDA:1,get companyName
FNDA:0,set companyName
FNDA:1,get companyWebSiteURL
FNDA:0,set companyWebSiteURL
FNDA:1,toJSON
DA:1,1
DA:2,1
DA:3,1
DA:4,1
DA:5,1
DA:6,1
DA:7,1
DA:8,1
DA:9,1
DA:10,1
DA:11,1
DA:12,9
DA:13,9
DA:14,9
DA:15,9
DA:16,9
DA:17,9
DA:18,9
DA:19,9
DA:20,9
DA:21,9
DA:22,9
DA:23,1
DA:24,1
DA:25,9
DA:26,1
DA:27,1
DA:28,9
DA:29,1
DA:30,1
DA:31,9
DA:32,1
DA:33,1
DA:34,9
DA:35,1
DA:36,1
DA:37,9
DA:38,1
DA:39,1
DA:40,9
DA:41,1
DA:42,1
DA:43,9
DA:44,9
DA:45,1
DA:46,1
DA:47,9
DA:48,0
DA:49,0
DA:50,9
DA:51,9
DA:52,1
DA:53,1
DA:54,9
DA:55,0
DA:56,0
DA:57,9
DA:58,9
DA:59,1
DA:60,1
DA:61,9
DA:62,0
DA:63,0
DA:64,9
DA:65,9
DA:66,1
DA:67,1
DA:68,9
DA:69,0
DA:70,0
DA:71,9
DA:72,9
DA:73,1
DA:74,1
DA:75,9
DA:76,0
DA:77,0
DA:78,9
DA:79,9
DA:80,1
DA:81,1
DA:82,9
DA:83,0
DA:84,0
DA:85,9
DA:86,9
DA:87,1
DA:88,1
DA:89,9
DA:90,0
DA:91,0
DA:92,9
DA:93,9
DA:94,1
DA:95,1
DA:96,1
DA:97,1
DA:98,1
DA:99,9
LF:99
LH:85
BRDA:11,0,0,9
BRDA:15,1,0,9
BRDA:22,2,0,1
BRDA:25,3,0,1
BRDA:28,4,0,1
BRDA:31,5,0,1
BRDA:34,6,0,1
BRDA:37,7,0,1
BRDA:40,8,0,1
BRDA:44,9,0,1
BRDA:51,10,0,1
BRDA:58,11,0,1
BRDA:65,12,0,1
BRDA:72,13,0,1
BRDA:79,14,0,1
BRDA:86,15,0,1
BRDA:93,16,0,1
BRF:17
BRH:17
end_of_record
TN:
SF:src/infrastructure/db/entrepreneur-in-memory.repository.ts
FN:4,<instance_members_initializer>
FN:7,insert
FN:10,findAll
FNF:3
FNH:3
FNDA:1,<instance_members_initializer>
FNDA:1,insert
FNDA:1,findAll
DA:1,1
DA:2,1
DA:3,1
DA:4,1
DA:5,1
DA:6,1
DA:7,1
DA:8,1
DA:9,1
DA:10,1
DA:11,1
DA:12,1
DA:13,1
LF:13
LH:13
BRDA:4,0,0,1
BRDA:7,1,0,1
BRDA:10,2,0,1
BRF:3
BRH:3
end_of_record
